Using pre-set license
Built from '2020.3/staging' branch; Version is '2020.3.33f1 (915a7af8b0d5) revision 9525882'; Using compiler version '192528614'; Build Type 'Release'
OS: 'Windows 10  (10.0.19044) 64bit CoreSingleLanguage' Language: 'en' Physical Memory: 8059 MB
BatchMode: 1, IsHumanControllingUs: 0, StartBugReporterOnCrash: 0, Is64bit: 1, IsPro: 0

COMMAND LINE ARGUMENTS:
C:\Program Files\Unity\Hub\Editor\2020.3.33f1\Editor\Unity.exe
-adb2
-batchMode
-noUpm
-name
AssetImportWorker0
-projectPath
C:/Users/bhawn/AR TECH/AR. foundation
-logFile
Logs/AssetImportWorker0.log
-srvPort
55344
Successfully changed project path to: C:/Users/bhawn/AR TECH/AR. foundation
C:/Users/bhawn/AR TECH/AR. foundation
Using Asset Import Pipeline V2.
Refreshing native plugins compatible for Editor in 31.67 ms, found 2 plugins.
Preloading 0 native plugins for Editor in 0.00 ms.
Initialize engine version: 2020.3.33f1 (915a7af8b0d5)
[Subsystems] Discovering subsystems at path C:/Program Files/Unity/Hub/Editor/2020.3.33f1/Editor/Data/Resources/UnitySubsystems
[Subsystems] Discovering subsystems at path C:/Users/bhawn/AR TECH/AR. foundation/Assets
GfxDevice: creating device client; threaded=0
Direct3D:
    Version:  Direct3D 11.0 [level 11.1]
    Renderer: NVIDIA GeForce GTX 1650 (ID=0x1f99)
    Vendor:   
    VRAM:     3962 MB
    Driver:   27.21.14.6230
Initialize mono
Mono path[0] = 'C:/Program Files/Unity/Hub/Editor/2020.3.33f1/Editor/Data/Managed'
Mono path[1] = 'C:/Program Files/Unity/Hub/Editor/2020.3.33f1/Editor/Data/MonoBleedingEdge/lib/mono/unityjit'
Mono config path = 'C:/Program Files/Unity/Hub/Editor/2020.3.33f1/Editor/Data/MonoBleedingEdge/etc'
Using monoOptions --debugger-agent=transport=dt_socket,embedding=1,server=y,suspend=n,address=127.0.0.1:56876
Begin MonoManager ReloadAssembly
Registering precompiled unity dll's ...
Register platform support module: C:/Program Files/Unity/Hub/Editor/2020.3.33f1/Editor/Data/PlaybackEngines/WindowsStandaloneSupport/UnityEditor.WindowsStandalone.Extensions.dll
Registered in 0.001680 seconds.
Native extension for WindowsStandalone target not found
Refreshing native plugins compatible for Editor in 29.19 ms, found 2 plugins.
Preloading 0 native plugins for Editor in 0.00 ms.
Mono: successfully reloaded assembly
- Completed reload, in  0.517 seconds
Domain Reload Profiling:
	ReloadAssembly (518ms)
		BeginReloadAssembly (63ms)
			ExecutionOrderSort (0ms)
			DisableScriptedObjects (0ms)
			BackupInstance (0ms)
			ReleaseScriptingObjects (0ms)
			CreateAndSetChildDomain (1ms)
		EndReloadAssembly (389ms)
			LoadAssemblies (60ms)
			RebuildTransferFunctionScriptingTraits (0ms)
			SetupTypeCache (138ms)
			ReleaseScriptCaches (0ms)
			RebuildScriptCaches (26ms)
			SetupLoadedEditorAssemblies (134ms)
				LogAssemblyErrors (0ms)
				InitializePlatformSupportModulesInManaged (4ms)
				SetLoadedEditorAssemblies (0ms)
				RefreshPlugins (29ms)
				BeforeProcessingInitializeOnLoad (11ms)
				ProcessInitializeOnLoadAttributes (66ms)
				ProcessInitializeOnLoadMethodAttributes (23ms)
				AfterProcessingInitializeOnLoad (0ms)
				EditorAssembliesLoaded (0ms)
			ExecutionOrderSort2 (0ms)
			AwakeInstancesAfterBackupRestoration (0ms)
Platform modules already initialized, skipping
Registering precompiled user dll's ...
Registered in 0.002437 seconds.
Begin MonoManager ReloadAssembly
Symbol file LoadedFromMemory doesn't match image C:\Users\bhawn\AR TECH\AR. foundation\Library\PackageCache\com.unity.collab-proxy@1.15.15\Lib\Editor\PlasticSCM\unityplastic.dll
Native extension for WindowsStandalone target not found
Refreshing native plugins compatible for Editor in 0.64 ms, found 2 plugins.
Preloading 0 native plugins for Editor in 0.00 ms.
Mono: successfully reloaded assembly
- Completed reload, in  0.907 seconds
Domain Reload Profiling:
	ReloadAssembly (908ms)
		BeginReloadAssembly (139ms)
			ExecutionOrderSort (0ms)
			DisableScriptedObjects (5ms)
			BackupInstance (0ms)
			ReleaseScriptingObjects (0ms)
			CreateAndSetChildDomain (17ms)
		EndReloadAssembly (717ms)
			LoadAssemblies (86ms)
			RebuildTransferFunctionScriptingTraits (0ms)
			SetupTypeCache (228ms)
			ReleaseScriptCaches (0ms)
			RebuildScriptCaches (37ms)
			SetupLoadedEditorAssemblies (284ms)
				LogAssemblyErrors (0ms)
				InitializePlatformSupportModulesInManaged (4ms)
				SetLoadedEditorAssemblies (0ms)
				RefreshPlugins (1ms)
				BeforeProcessingInitializeOnLoad (83ms)
				ProcessInitializeOnLoadAttributes (182ms)
				ProcessInitializeOnLoadMethodAttributes (8ms)
				AfterProcessingInitializeOnLoad (6ms)
				EditorAssembliesLoaded (0ms)
			ExecutionOrderSort2 (0ms)
			AwakeInstancesAfterBackupRestoration (5ms)
Platform modules already initialized, skipping
========================================================================
Worker process is ready to serve import requests
Launched and connected shader compiler UnityShaderCompiler.exe after 0.08 seconds
Refreshing native plugins compatible for Editor in 0.40 ms, found 2 plugins.
Preloading 0 native plugins for Editor in 0.00 ms.
Unloading 1854 Unused Serialized files (Serialized files now loaded: 0)
System memory in use before: 80.1 MB.
System memory in use after: 80.1 MB.

Unloading 18 unused Assets to reduce memory usage. Loaded Objects now: 2290.
Total: 2.807200 ms (FindLiveObjects: 0.161100 ms CreateObjectMapping: 0.067700 ms MarkObjects: 2.500700 ms  DeleteObjects: 0.076700 ms)

AssetImportParameters requested are different than current active one (requested -> active):
  custom:framework-win-MediaFoundation: 216162199b28c13a410421893ffa2e32 -> 
  custom:video-decoder-ogg-theora: a1e56fd34408186e4bbccfd4996cb3dc -> 
  custom:container-muxer-webm: aa71ff27fc2769a1b78a27578f13a17b -> 
  custom:container-demuxer-webm: 4f35f7cbe854078d1ac9338744f61a02 -> 
  custom:container-demuxer-ogg: 62fdf1f143b41e24485cea50d1cbac27 -> 
  custom:video-encoder-webm-vp8: eb34c28f22e8b96e1ab97ce403110664 -> 
  custom:video-codec-MediaFoundation-h265: 746d11721c4dcdbdad8f713fa42b33f4 -> 
  custom:video-decoder-webm-vp8: 9c59270c3fd7afecdb556c50c9e8de78 -> 
  custom:audio-decoder-ogg-vorbis: bf7c407c2cedff20999df2af8eb42d56 -> 
  custom:audio-encoder-webm-vorbis: bf7c407c2cedff20999df2af8eb42d56 -> 
========================================================================
Received Import Request.
  path: Assets
  artifactKey: Guid(00000000000000001000000000000000) Importer(815301076,1909f56bfc062723c751e8b465ee728b)
Start importing Assets using Guid(00000000000000001000000000000000) Importer(815301076,1909f56bfc062723c751e8b465ee728b)  -> (artifact id: '42d402b061de3733987d63b9cc3b64de') in 0.006483 seconds 
========================================================================
Received Import Request.
  Time since last request: 8.149317 seconds.
  path: Assets/prefabs
  artifactKey: Guid(ef817b3cf6d760947a64170bfb2371de) Importer(815301076,1909f56bfc062723c751e8b465ee728b)
Start importing Assets/prefabs using Guid(ef817b3cf6d760947a64170bfb2371de) Importer(815301076,1909f56bfc062723c751e8b465ee728b)  -> (artifact id: '62ad75c87c7e7d1055a1095937a6bae0') in 0.009177 seconds 
========================================================================
Received Import Request.
  Time since last request: 3.617953 seconds.
  path: Assets/Scenes
  artifactKey: Guid(74a3ecb786451b3428d9e7631a304c8e) Importer(815301076,1909f56bfc062723c751e8b465ee728b)
Start importing Assets/Scenes using Guid(74a3ecb786451b3428d9e7631a304c8e) Importer(815301076,1909f56bfc062723c751e8b465ee728b)  -> (artifact id: 'afaee74b492ad6763e1b88e2151dafb9') in 0.009485 seconds 
========================================================================
Received Import Request.
  Time since last request: 198.998125 seconds.
  path: Assets/Scenes/New Folder
  artifactKey: Guid(7f779cd5b809ba146bb4c71caf1094ff) Importer(815301076,1909f56bfc062723c751e8b465ee728b)
Start importing Assets/Scenes/New Folder using Guid(7f779cd5b809ba146bb4c71caf1094ff) Importer(815301076,1909f56bfc062723c751e8b465ee728b)  -> (artifact id: 'a6a5249aad804349542b1e812e469369') in 0.008286 seconds 
========================================================================
Received Import Request.
  Time since last request: 119.193790 seconds.
  path: Assets/AR Session Origin.prefab
  artifactKey: Guid(fce946f1a6d35604aaa4a7497041143c) Importer(815301076,1909f56bfc062723c751e8b465ee728b)
Start importing Assets/AR Session Origin.prefab using Guid(fce946f1a6d35604aaa4a7497041143c) Importer(815301076,1909f56bfc062723c751e8b465ee728b)  -> (artifact id: 'a25653be6e70fdaa9e472e5a4e9258ca') in 0.052067 seconds 
========================================================================
Received Import Request.
  Time since last request: 3.527580 seconds.
  path: Assets/AR Default Plane.prefab
  artifactKey: Guid(9213c01cb583b2c4a8bcee52b5d0c42a) Importer(815301076,1909f56bfc062723c751e8b465ee728b)
Start importing Assets/AR Default Plane.prefab using Guid(9213c01cb583b2c4a8bcee52b5d0c42a) Importer(815301076,1909f56bfc062723c751e8b465ee728b)  -> (artifact id: '89e89f55c06328445c2ff8224c6299a5') in 0.071921 seconds 
========================================================================
Received Import Request.
  Time since last request: 181.052649 seconds.
  path: Assets/prefabs/AR Default Point Cloud.prefab
  artifactKey: Guid(d8e61586fdd1f0e4e9c708f0c06054e8) Importer(815301076,1909f56bfc062723c751e8b465ee728b)
Start importing Assets/prefabs/AR Default Point Cloud.prefab using Guid(d8e61586fdd1f0e4e9c708f0c06054e8) Importer(815301076,1909f56bfc062723c751e8b465ee728b)  -> (artifact id: 'd08a7881554477b57cf74afb0cd6a6a2') in 0.022151 seconds 
========================================================================
Received Import Request.
  Time since last request: 30.304656 seconds.
  path: Assets/prefabs/AR Default Plane.prefab
  artifactKey: Guid(539c5f3f53fb5884090dcbcc0ba90883) Importer(815301076,1909f56bfc062723c751e8b465ee728b)
Start importing Assets/prefabs/AR Default Plane.prefab using Guid(539c5f3f53fb5884090dcbcc0ba90883) Importer(815301076,1909f56bfc062723c751e8b465ee728b)  -> (artifact id: '1eaae98e51cd2811c065053bf55a9e87') in 0.012934 seconds 
========================================================================
Received Import Request.
  Time since last request: 248.857529 seconds.
  path: Assets/Spiders/sceneSettings.lighting
  artifactKey: Guid(5f4d87b3feaafbe4298f2a364f6714ed) Importer(815301076,1909f56bfc062723c751e8b465ee728b)
Start importing Assets/Spiders/sceneSettings.lighting using Guid(5f4d87b3feaafbe4298f2a364f6714ed) Importer(815301076,1909f56bfc062723c751e8b465ee728b) LightingSettings: switching bake backend from 1 to 0.
 -> (artifact id: '616fef6dd7e0d0fa9212cfc1e8637549') in 0.008816 seconds 
========================================================================
Received Import Request.
  Time since last request: 3.525669 seconds.
  path: Assets/Spiders/model
  artifactKey: Guid(d57bcb8ee652c5f4ea0be7f625a2c7a7) Importer(815301076,1909f56bfc062723c751e8b465ee728b)
Start importing Assets/Spiders/model using Guid(d57bcb8ee652c5f4ea0be7f625a2c7a7) Importer(815301076,1909f56bfc062723c751e8b465ee728b)  -> (artifact id: '6b5b381f19b62b9d8a73d5e564c6496f') in 0.005743 seconds 
========================================================================
Received Import Request.
  Time since last request: 1.574646 seconds.
  path: Assets/Spiders/model/spider.fbx
  artifactKey: Guid(7b12ff0838c1bfc46970414ffe81e813) Importer(815301076,1909f56bfc062723c751e8b465ee728b)
Start importing Assets/Spiders/model/spider.fbx using Guid(7b12ff0838c1bfc46970414ffe81e813) Importer(815301076,1909f56bfc062723c751e8b465ee728b)  -> (artifact id: '9670d324312da7e144739425748c0529') in 0.230003 seconds 
========================================================================
Received Prepare
Registering precompiled user dll's ...
Registered in 0.010848 seconds.
Begin MonoManager ReloadAssembly
Symbol file LoadedFromMemory doesn't match image C:\Users\bhawn\AR TECH\AR. foundation\Library\PackageCache\com.unity.collab-proxy@1.15.15\Lib\Editor\PlasticSCM\unityplastic.dll
Native extension for WindowsStandalone target not found
Refreshing native plugins compatible for Editor in 0.39 ms, found 2 plugins.
Preloading 0 native plugins for Editor in 0.00 ms.
Mono: successfully reloaded assembly
- Completed reload, in  0.941 seconds
Domain Reload Profiling:
	ReloadAssembly (942ms)
		BeginReloadAssembly (150ms)
			ExecutionOrderSort (0ms)
			DisableScriptedObjects (4ms)
			BackupInstance (0ms)
			ReleaseScriptingObjects (0ms)
			CreateAndSetChildDomain (30ms)
		EndReloadAssembly (740ms)
			LoadAssemblies (158ms)
			RebuildTransferFunctionScriptingTraits (0ms)
			SetupTypeCache (233ms)
			ReleaseScriptCaches (1ms)
			RebuildScriptCaches (33ms)
			SetupLoadedEditorAssemblies (283ms)
				LogAssemblyErrors (0ms)
				InitializePlatformSupportModulesInManaged (16ms)
				SetLoadedEditorAssemblies (1ms)
				RefreshPlugins (0ms)
				BeforeProcessingInitializeOnLoad (72ms)
				ProcessInitializeOnLoadAttributes (179ms)
				ProcessInitializeOnLoadMethodAttributes (10ms)
				AfterProcessingInitializeOnLoad (6ms)
				EditorAssembliesLoaded (0ms)
			ExecutionOrderSort2 (0ms)
			AwakeInstancesAfterBackupRestoration (6ms)
Platform modules already initialized, skipping
Refreshing native plugins compatible for Editor in 0.48 ms, found 2 plugins.
Preloading 0 native plugins for Editor in 0.00 ms.
Unloading 1844 Unused Serialized files (Serialized files now loaded: 0)
System memory in use before: 96.6 MB.
System memory in use after: 96.7 MB.

Unloading 15 unused Assets to reduce memory usage. Loaded Objects now: 2306.
Total: 2.371800 ms (FindLiveObjects: 0.141200 ms CreateObjectMapping: 0.063800 ms MarkObjects: 2.100100 ms  DeleteObjects: 0.066100 ms)

AssetImportParameters requested are different than current active one (requested -> active):
  custom:framework-win-MediaFoundation: 216162199b28c13a410421893ffa2e32 -> 
  custom:video-decoder-ogg-theora: a1e56fd34408186e4bbccfd4996cb3dc -> 
  custom:container-muxer-webm: aa71ff27fc2769a1b78a27578f13a17b -> 
  custom:container-demuxer-webm: 4f35f7cbe854078d1ac9338744f61a02 -> 
  custom:container-demuxer-ogg: 62fdf1f143b41e24485cea50d1cbac27 -> 
  custom:video-encoder-webm-vp8: eb34c28f22e8b96e1ab97ce403110664 -> 
  custom:video-codec-MediaFoundation-h265: 746d11721c4dcdbdad8f713fa42b33f4 -> 
  custom:video-decoder-webm-vp8: 9c59270c3fd7afecdb556c50c9e8de78 -> 
  custom:audio-decoder-ogg-vorbis: bf7c407c2cedff20999df2af8eb42d56 -> 
  custom:audio-encoder-webm-vorbis: bf7c407c2cedff20999df2af8eb42d56 -> 
========================================================================
Received Import Request.
  Time since last request: 748.174346 seconds.
  path: Assets/Spiders/prefabs
  artifactKey: Guid(7c70806b1989ddd448b99e5acd5af79e) Importer(815301076,1909f56bfc062723c751e8b465ee728b)
Start importing Assets/Spiders/prefabs using Guid(7c70806b1989ddd448b99e5acd5af79e) Importer(815301076,1909f56bfc062723c751e8b465ee728b)  -> (artifact id: '8b0f53aa900eea58f83c349ed12aa5d5') in 0.009153 seconds 
========================================================================
Received Import Request.
  Time since last request: 11.549305 seconds.
  path: Assets/prefabs/spider Variant.prefab
  artifactKey: Guid(1026a29b6f937b14cb5c22abc599d10b) Importer(815301076,1909f56bfc062723c751e8b465ee728b)
Start importing Assets/prefabs/spider Variant.prefab using Guid(1026a29b6f937b14cb5c22abc599d10b) Importer(815301076,1909f56bfc062723c751e8b465ee728b)  -> (artifact id: '15eba11444f9611a6ab82050e0fef54f') in 0.061178 seconds 
========================================================================
Received Import Request.
  Time since last request: 42.019716 seconds.
  path: Assets/prefabs/spider Variant.prefab
  artifactKey: Guid(1026a29b6f937b14cb5c22abc599d10b) Importer(815301076,1909f56bfc062723c751e8b465ee728b)
Start importing Assets/prefabs/spider Variant.prefab using Guid(1026a29b6f937b14cb5c22abc599d10b) Importer(815301076,1909f56bfc062723c751e8b465ee728b)  -> (artifact id: '3b6d942b56838274ef34c644e59f44f9') in 0.016844 seconds 
========================================================================
Received Import Request.
  Time since last request: 3.800145 seconds.
  path: Assets/prefabs/spider Variant.prefab
  artifactKey: Guid(1026a29b6f937b14cb5c22abc599d10b) Importer(815301076,1909f56bfc062723c751e8b465ee728b)
Start importing Assets/prefabs/spider Variant.prefab using Guid(1026a29b6f937b14cb5c22abc599d10b) Importer(815301076,1909f56bfc062723c751e8b465ee728b)  -> (artifact id: '8864bd76da6fb9ac6895b6455c08e231') in 0.015951 seconds 
========================================================================
Received Import Request.
  Time since last request: 3.398616 seconds.
  path: Assets/prefabs/spider Variant.prefab
  artifactKey: Guid(1026a29b6f937b14cb5c22abc599d10b) Importer(815301076,1909f56bfc062723c751e8b465ee728b)
Start importing Assets/prefabs/spider Variant.prefab using Guid(1026a29b6f937b14cb5c22abc599d10b) Importer(815301076,1909f56bfc062723c751e8b465ee728b)  -> (artifact id: 'c3b46754f80b1e347dc773a5c55b2d33') in 0.018238 seconds 
========================================================================
Received Import Request.
  Time since last request: 4.026596 seconds.
  path: Assets/prefabs/spider Variant.prefab
  artifactKey: Guid(1026a29b6f937b14cb5c22abc599d10b) Importer(815301076,1909f56bfc062723c751e8b465ee728b)
Start importing Assets/prefabs/spider Variant.prefab using Guid(1026a29b6f937b14cb5c22abc599d10b) Importer(815301076,1909f56bfc062723c751e8b465ee728b)  -> (artifact id: '3c28a276c3ca8d41a4129b6e15326ee9') in 0.016640 seconds 
========================================================================
Received Import Request.
  Time since last request: 7.242815 seconds.
  path: Assets/prefabs/spider Variant.prefab
  artifactKey: Guid(1026a29b6f937b14cb5c22abc599d10b) Importer(815301076,1909f56bfc062723c751e8b465ee728b)
Start importing Assets/prefabs/spider Variant.prefab using Guid(1026a29b6f937b14cb5c22abc599d10b) Importer(815301076,1909f56bfc062723c751e8b465ee728b)  -> (artifact id: '2a5a045ed675e5036d8b6c49d0490cd3') in 0.015019 seconds 
========================================================================
Received Import Request.
  Time since last request: 16.965628 seconds.
  path: Assets/prefabs/spider Variant.prefab
  artifactKey: Guid(1026a29b6f937b14cb5c22abc599d10b) Importer(815301076,1909f56bfc062723c751e8b465ee728b)
Start importing Assets/prefabs/spider Variant.prefab using Guid(1026a29b6f937b14cb5c22abc599d10b) Importer(815301076,1909f56bfc062723c751e8b465ee728b)  -> (artifact id: '473a8d17cc6d0acf15de8f481faff0b2') in 0.015440 seconds 
========================================================================
Received Import Request.
  Time since last request: 192.914405 seconds.
  path: Assets/NewBehaviourScript.cs
  artifactKey: Guid(72396ddce26451a46abdc31e6234d1eb) Importer(815301076,1909f56bfc062723c751e8b465ee728b)
Start importing Assets/NewBehaviourScript.cs using Guid(72396ddce26451a46abdc31e6234d1eb) Importer(815301076,1909f56bfc062723c751e8b465ee728b)  -> (artifact id: 'cf9b32c9c54b6aadab7786e52a8c8e98') in 0.012698 seconds 
========================================================================
Received Prepare
Registering precompiled user dll's ...
Registered in 0.002363 seconds.
Begin MonoManager ReloadAssembly
Symbol file LoadedFromMemory doesn't match image C:\Users\bhawn\AR TECH\AR. foundation\Library\PackageCache\com.unity.collab-proxy@1.15.15\Lib\Editor\PlasticSCM\unityplastic.dll
Native extension for WindowsStandalone target not found
Refreshing native plugins compatible for Editor in 0.37 ms, found 2 plugins.
Preloading 0 native plugins for Editor in 0.00 ms.
Mono: successfully reloaded assembly
- Completed reload, in  0.836 seconds
Domain Reload Profiling:
	ReloadAssembly (837ms)
		BeginReloadAssembly (100ms)
			ExecutionOrderSort (0ms)
			DisableScriptedObjects (6ms)
			BackupInstance (0ms)
			ReleaseScriptingObjects (0ms)
			CreateAndSetChildDomain (28ms)
		EndReloadAssembly (682ms)
			LoadAssemblies (86ms)
			RebuildTransferFunctionScriptingTraits (0ms)
			SetupTypeCache (238ms)
			ReleaseScriptCaches (1ms)
			RebuildScriptCaches (32ms)
			SetupLoadedEditorAssemblies (251ms)
				LogAssemblyErrors (0ms)
				InitializePlatformSupportModulesInManaged (4ms)
				SetLoadedEditorAssemblies (0ms)
				RefreshPlugins (0ms)
				BeforeProcessingInitializeOnLoad (69ms)
				ProcessInitializeOnLoadAttributes (164ms)
				ProcessInitializeOnLoadMethodAttributes (7ms)
				AfterProcessingInitializeOnLoad (6ms)
				EditorAssembliesLoaded (0ms)
			ExecutionOrderSort2 (0ms)
			AwakeInstancesAfterBackupRestoration (5ms)
Platform modules already initialized, skipping
Refreshing native plugins compatible for Editor in 0.38 ms, found 2 plugins.
Preloading 0 native plugins for Editor in 0.00 ms.
Unloading 1845 Unused Serialized files (Serialized files now loaded: 0)
System memory in use before: 96.7 MB.
System memory in use after: 96.8 MB.

Unloading 13 unused Assets to reduce memory usage. Loaded Objects now: 2312.
Total: 2.470700 ms (FindLiveObjects: 0.154500 ms CreateObjectMapping: 0.085800 ms MarkObjects: 2.184800 ms  DeleteObjects: 0.044800 ms)

AssetImportParameters requested are different than current active one (requested -> active):
  custom:framework-win-MediaFoundation: 216162199b28c13a410421893ffa2e32 -> 
  custom:video-decoder-ogg-theora: a1e56fd34408186e4bbccfd4996cb3dc -> 
  custom:container-muxer-webm: aa71ff27fc2769a1b78a27578f13a17b -> 
  custom:container-demuxer-webm: 4f35f7cbe854078d1ac9338744f61a02 -> 
  custom:container-demuxer-ogg: 62fdf1f143b41e24485cea50d1cbac27 -> 
  custom:video-encoder-webm-vp8: eb34c28f22e8b96e1ab97ce403110664 -> 
  custom:video-codec-MediaFoundation-h265: 746d11721c4dcdbdad8f713fa42b33f4 -> 
  custom:video-decoder-webm-vp8: 9c59270c3fd7afecdb556c50c9e8de78 -> 
  custom:audio-decoder-ogg-vorbis: bf7c407c2cedff20999df2af8eb42d56 -> 
  custom:audio-encoder-webm-vorbis: bf7c407c2cedff20999df2af8eb42d56 -> 
========================================================================
Received Import Request.
  Time since last request: 32.407811 seconds.
  path: Assets/Place On Plane.cs
  artifactKey: Guid(72396ddce26451a46abdc31e6234d1eb) Importer(815301076,1909f56bfc062723c751e8b465ee728b)
Start importing Assets/Place On Plane.cs using Guid(72396ddce26451a46abdc31e6234d1eb) Importer(815301076,1909f56bfc062723c751e8b465ee728b)  -> (artifact id: '2a3a78cd42dd8afafe7e84a05193bbc4') in 0.011429 seconds 
========================================================================
Received Prepare
Registering precompiled user dll's ...
Registered in 0.002531 seconds.
Begin MonoManager ReloadAssembly
Symbol file LoadedFromMemory doesn't match image C:\Users\bhawn\AR TECH\AR. foundation\Library\PackageCache\com.unity.collab-proxy@1.15.15\Lib\Editor\PlasticSCM\unityplastic.dll
Native extension for WindowsStandalone target not found
Refreshing native plugins compatible for Editor in 0.36 ms, found 2 plugins.
Preloading 0 native plugins for Editor in 0.00 ms.
Mono: successfully reloaded assembly
- Completed reload, in  0.857 seconds
Domain Reload Profiling:
	ReloadAssembly (857ms)
		BeginReloadAssembly (110ms)
			ExecutionOrderSort (0ms)
			DisableScriptedObjects (4ms)
			BackupInstance (0ms)
			ReleaseScriptingObjects (0ms)
			CreateAndSetChildDomain (32ms)
		EndReloadAssembly (687ms)
			LoadAssemblies (93ms)
			RebuildTransferFunctionScriptingTraits (0ms)
			SetupTypeCache (240ms)
			ReleaseScriptCaches (1ms)
			RebuildScriptCaches (32ms)
			SetupLoadedEditorAssemblies (255ms)
				LogAssemblyErrors (0ms)
				InitializePlatformSupportModulesInManaged (4ms)
				SetLoadedEditorAssemblies (0ms)
				RefreshPlugins (0ms)
				BeforeProcessingInitializeOnLoad (70ms)
				ProcessInitializeOnLoadAttributes (168ms)
				ProcessInitializeOnLoadMethodAttributes (8ms)
				AfterProcessingInitializeOnLoad (6ms)
				EditorAssembliesLoaded (0ms)
			ExecutionOrderSort2 (0ms)
			AwakeInstancesAfterBackupRestoration (5ms)
Platform modules already initialized, skipping
Refreshing native plugins compatible for Editor in 0.37 ms, found 2 plugins.
Preloading 0 native plugins for Editor in 0.00 ms.
Unloading 1845 Unused Serialized files (Serialized files now loaded: 0)
System memory in use before: 96.7 MB.
System memory in use after: 96.8 MB.

Unloading 13 unused Assets to reduce memory usage. Loaded Objects now: 2316.
Total: 2.580300 ms (FindLiveObjects: 0.148200 ms CreateObjectMapping: 0.062600 ms MarkObjects: 2.266100 ms  DeleteObjects: 0.102900 ms)

AssetImportParameters requested are different than current active one (requested -> active):
  custom:framework-win-MediaFoundation: 216162199b28c13a410421893ffa2e32 -> 
  custom:video-decoder-ogg-theora: a1e56fd34408186e4bbccfd4996cb3dc -> 
  custom:container-muxer-webm: aa71ff27fc2769a1b78a27578f13a17b -> 
  custom:container-demuxer-webm: 4f35f7cbe854078d1ac9338744f61a02 -> 
  custom:container-demuxer-ogg: 62fdf1f143b41e24485cea50d1cbac27 -> 
  custom:video-encoder-webm-vp8: eb34c28f22e8b96e1ab97ce403110664 -> 
  custom:video-codec-MediaFoundation-h265: 746d11721c4dcdbdad8f713fa42b33f4 -> 
  custom:video-decoder-webm-vp8: 9c59270c3fd7afecdb556c50c9e8de78 -> 
  custom:audio-decoder-ogg-vorbis: bf7c407c2cedff20999df2af8eb42d56 -> 
  custom:audio-encoder-webm-vorbis: bf7c407c2cedff20999df2af8eb42d56 -> 
========================================================================
Received Import Request.
  Time since last request: 4536.128531 seconds.
  path: Assets/Spiders/Materials/texture_spider1.mat
  artifactKey: Guid(673b97497f6bbc84796341588b908f0c) Importer(815301076,1909f56bfc062723c751e8b465ee728b)
Start importing Assets/Spiders/Materials/texture_spider1.mat using Guid(673b97497f6bbc84796341588b908f0c) Importer(815301076,1909f56bfc062723c751e8b465ee728b)  -> (artifact id: '57186ed54f670f32dbca5cf74e4af79d') in 0.672627 seconds 
========================================================================
Received Import Request.
  Time since last request: 0.000369 seconds.
  path: Assets/Spiders/Materials/texture_spider8.mat
  artifactKey: Guid(48da4508513b07149af0d4912a0f460b) Importer(815301076,1909f56bfc062723c751e8b465ee728b)
Start importing Assets/Spiders/Materials/texture_spider8.mat using Guid(48da4508513b07149af0d4912a0f460b) Importer(815301076,1909f56bfc062723c751e8b465ee728b)  -> (artifact id: 'f976976b350b0945b78b2ff24d009dcb') in 0.043837 seconds 
========================================================================
Received Import Request.
  Time since last request: 0.000443 seconds.
  path: Assets/Spiders/Materials/texture_spider3.mat
  artifactKey: Guid(46ad79426a4ab3c48b1b02e46ccbef02) Importer(815301076,1909f56bfc062723c751e8b465ee728b)
Start importing Assets/Spiders/Materials/texture_spider3.mat using Guid(46ad79426a4ab3c48b1b02e46ccbef02) Importer(815301076,1909f56bfc062723c751e8b465ee728b)  -> (artifact id: 'a015a18e4ed96bb2d0e26ce6cb1cac67') in 0.040090 seconds 
========================================================================
Received Import Request.
  Time since last request: 0.000483 seconds.
  path: Assets/Spiders/Materials/texture_spider6.mat
  artifactKey: Guid(d20d5275517cc104a933c2148e09f3ff) Importer(815301076,1909f56bfc062723c751e8b465ee728b)
Start importing Assets/Spiders/Materials/texture_spider6.mat using Guid(d20d5275517cc104a933c2148e09f3ff) Importer(815301076,1909f56bfc062723c751e8b465ee728b)  -> (artifact id: 'cd6d633c7052f171b63dbe66ff92024c') in 0.035613 seconds 
========================================================================
Received Import Request.
  Time since last request: 0.000351 seconds.
  path: Assets/Spiders/Materials/texture_spider7.mat
  artifactKey: Guid(b50e2729fdf3a5e448a24ddb85bf279b) Importer(815301076,1909f56bfc062723c751e8b465ee728b)
Start importing Assets/Spiders/Materials/texture_spider7.mat using Guid(b50e2729fdf3a5e448a24ddb85bf279b) Importer(815301076,1909f56bfc062723c751e8b465ee728b)  -> (artifact id: '3f8c0c4f7ca5eb569949c8b9ebb242b6') in 0.034279 seconds 
========================================================================
Received Import Request.
  Time since last request: 0.000439 seconds.
  path: Assets/Spiders/Materials/texture_spider4.mat
  artifactKey: Guid(ff612f56d3c390147974e4553679bcae) Importer(815301076,1909f56bfc062723c751e8b465ee728b)
Start importing Assets/Spiders/Materials/texture_spider4.mat using Guid(ff612f56d3c390147974e4553679bcae) Importer(815301076,1909f56bfc062723c751e8b465ee728b)  -> (artifact id: '0af0850c1fd0970e5658ce3107aa4a34') in 0.040659 seconds 
========================================================================
Received Import Request.
  Time since last request: 0.000394 seconds.
  path: Assets/Spiders/Materials/texture_spider2.mat
  artifactKey: Guid(fd1366b70df6199489dddec6171ab4e8) Importer(815301076,1909f56bfc062723c751e8b465ee728b)
Start importing Assets/Spiders/Materials/texture_spider2.mat using Guid(fd1366b70df6199489dddec6171ab4e8) Importer(815301076,1909f56bfc062723c751e8b465ee728b)  -> (artifact id: '0af385268c68892a06714c21130f423f') in 0.037965 seconds 
========================================================================
Received Import Request.
  Time since last request: 0.000615 seconds.
  path: Assets/Spiders/Materials/texture_spider5.mat
  artifactKey: Guid(1f4e609b2b200224d870cf08586638b0) Importer(815301076,1909f56bfc062723c751e8b465ee728b)
Start importing Assets/Spiders/Materials/texture_spider5.mat using Guid(1f4e609b2b200224d870cf08586638b0) Importer(815301076,1909f56bfc062723c751e8b465ee728b)  -> (artifact id: '3efc8a4b066142e99a65883a9a4d29a4') in 0.045218 seconds 
========================================================================
Received Import Request.
  Time since last request: 18.398398 seconds.
  path: Assets/Spiders/model/Materials
  artifactKey: Guid(49bc30d69754b484886380a15ca082b3) Importer(815301076,1909f56bfc062723c751e8b465ee728b)
Start importing Assets/Spiders/model/Materials using Guid(49bc30d69754b484886380a15ca082b3) Importer(815301076,1909f56bfc062723c751e8b465ee728b)  -> (artifact id: 'bb67187c55bc78d8f1b074e4cabc87cd') in 0.013229 seconds 
========================================================================
Received Import Request.
  Time since last request: 0.647155 seconds.
  path: Assets/Spiders/model/Materials/spidertex.mat
  artifactKey: Guid(30caf159bef3bac4ebbb58d045972a7b) Importer(815301076,1909f56bfc062723c751e8b465ee728b)
Start importing Assets/Spiders/model/Materials/spidertex.mat using Guid(30caf159bef3bac4ebbb58d045972a7b) Importer(815301076,1909f56bfc062723c751e8b465ee728b)  -> (artifact id: '13a1aa6c01fafeb38e39bfb87e325f27') in 0.024957 seconds 
========================================================================
Received Import Request.
  Time since last request: 43.560247 seconds.
  path: Assets/Spiders/prefabs/spider1.prefab
  artifactKey: Guid(2a71030b8ff2f8e4db68e9f8e878a2d7) Importer(815301076,1909f56bfc062723c751e8b465ee728b)
Start importing Assets/Spiders/prefabs/spider1.prefab using Guid(2a71030b8ff2f8e4db68e9f8e878a2d7) Importer(815301076,1909f56bfc062723c751e8b465ee728b)  -> (artifact id: 'eb86d5826305a1dfcf20bd3a718e2577') in 0.065649 seconds 
========================================================================
Received Import Request.
  Time since last request: 0.000378 seconds.
  path: Assets/Spiders/prefabs/spider7.prefab
  artifactKey: Guid(5ba708845b2f08e409f3a7bf2c361c7b) Importer(815301076,1909f56bfc062723c751e8b465ee728b)
Start importing Assets/Spiders/prefabs/spider7.prefab using Guid(5ba708845b2f08e409f3a7bf2c361c7b) Importer(815301076,1909f56bfc062723c751e8b465ee728b)  -> (artifact id: '79956fd6f685e9dbd797eeec3c39ef59') in 0.029503 seconds 
========================================================================
Received Import Request.
  Time since last request: 0.000394 seconds.
  path: Assets/Spiders/prefabs/spider3.prefab
  artifactKey: Guid(9230469755d38934fa43af8feb2b7674) Importer(815301076,1909f56bfc062723c751e8b465ee728b)
Start importing Assets/Spiders/prefabs/spider3.prefab using Guid(9230469755d38934fa43af8feb2b7674) Importer(815301076,1909f56bfc062723c751e8b465ee728b)  -> (artifact id: 'b4765765f9e9b24426189aba96374e6e') in 0.035265 seconds 
========================================================================
Received Import Request.
  Time since last request: 0.000368 seconds.
  path: Assets/Spiders/prefabs/spider5.prefab
  artifactKey: Guid(32b2f2ba90447c646859277baa8ae2a2) Importer(815301076,1909f56bfc062723c751e8b465ee728b)
Start importing Assets/Spiders/prefabs/spider5.prefab using Guid(32b2f2ba90447c646859277baa8ae2a2) Importer(815301076,1909f56bfc062723c751e8b465ee728b)  -> (artifact id: 'a21aca6f62b2d1c306bfd6a41dfc232c') in 0.033331 seconds 
========================================================================
Received Import Request.
  Time since last request: 0.000505 seconds.
  path: Assets/Spiders/prefabs/spider8.prefab
  artifactKey: Guid(3154e56712ce93e4a9c38786d869983a) Importer(815301076,1909f56bfc062723c751e8b465ee728b)
Start importing Assets/Spiders/prefabs/spider8.prefab using Guid(3154e56712ce93e4a9c38786d869983a) Importer(815301076,1909f56bfc062723c751e8b465ee728b)  -> (artifact id: '264d489fe218e0d34fc8bede94713413') in 0.036297 seconds 
========================================================================
Received Import Request.
  Time since last request: 0.000415 seconds.
  path: Assets/Spiders/prefabs/spider4.prefab
  artifactKey: Guid(aa44802c519f697478e7507c0f1f1b03) Importer(815301076,1909f56bfc062723c751e8b465ee728b)
Start importing Assets/Spiders/prefabs/spider4.prefab using Guid(aa44802c519f697478e7507c0f1f1b03) Importer(815301076,1909f56bfc062723c751e8b465ee728b)  -> (artifact id: 'e4827aa5d00b1e2c40d0bf81a5b6b5ea') in 0.035617 seconds 
========================================================================
Received Import Request.
  Time since last request: 0.000368 seconds.
  path: Assets/Spiders/prefabs/spider6.prefab
  artifactKey: Guid(e4c05a7a7f1eaa74c8374f6bb81b1a19) Importer(815301076,1909f56bfc062723c751e8b465ee728b)
Start importing Assets/Spiders/prefabs/spider6.prefab using Guid(e4c05a7a7f1eaa74c8374f6bb81b1a19) Importer(815301076,1909f56bfc062723c751e8b465ee728b)  -> (artifact id: '7b010f30533673028c416c2244819847') in 0.033427 seconds 
========================================================================
Received Import Request.
  Time since last request: 0.000379 seconds.
  path: Assets/Spiders/prefabs/spider2.prefab
  artifactKey: Guid(4bbe8b9850f3c344fbcbe4509a1a1a54) Importer(815301076,1909f56bfc062723c751e8b465ee728b)
Start importing Assets/Spiders/prefabs/spider2.prefab using Guid(4bbe8b9850f3c344fbcbe4509a1a1a54) Importer(815301076,1909f56bfc062723c751e8b465ee728b)  -> (artifact id: '92899ad70ed477d918927f0cd36e346b') in 0.030393 seconds 
========================================================================
Received Prepare
Registering precompiled user dll's ...
Registered in 0.004345 seconds.
Begin MonoManager ReloadAssembly
Symbol file LoadedFromMemory doesn't match image C:\Users\bhawn\AR TECH\AR. foundation\Library\PackageCache\com.unity.collab-proxy@1.15.15\Lib\Editor\PlasticSCM\unityplastic.dll
Native extension for WindowsStandalone target not found
Refreshing native plugins compatible for Editor in 0.64 ms, found 2 plugins.
Preloading 0 native plugins for Editor in 0.00 ms.
Mono: successfully reloaded assembly
- Completed reload, in  1.366 seconds
Domain Reload Profiling:
	ReloadAssembly (1367ms)
		BeginReloadAssembly (210ms)
			ExecutionOrderSort (0ms)
			DisableScriptedObjects (8ms)
			BackupInstance (0ms)
			ReleaseScriptingObjects (0ms)
			CreateAndSetChildDomain (69ms)
		EndReloadAssembly (1071ms)
			LoadAssemblies (169ms)
			RebuildTransferFunctionScriptingTraits (0ms)
			SetupTypeCache (372ms)
			ReleaseScriptCaches (1ms)
			RebuildScriptCaches (50ms)
			SetupLoadedEditorAssemblies (393ms)
				LogAssemblyErrors (0ms)
				InitializePlatformSupportModulesInManaged (5ms)
				SetLoadedEditorAssemblies (1ms)
				RefreshPlugins (1ms)
				BeforeProcessingInitializeOnLoad (108ms)
				ProcessInitializeOnLoadAttributes (258ms)
				ProcessInitializeOnLoadMethodAttributes (13ms)
				AfterProcessingInitializeOnLoad (8ms)
				EditorAssembliesLoaded (0ms)
			ExecutionOrderSort2 (0ms)
			AwakeInstancesAfterBackupRestoration (8ms)
Platform modules already initialized, skipping
Refreshing native plugins compatible for Editor in 0.56 ms, found 2 plugins.
Preloading 0 native plugins for Editor in 0.00 ms.
Unloading 1845 Unused Serialized files (Serialized files now loaded: 0)
System memory in use before: 97.6 MB.
System memory in use after: 97.7 MB.

Unloading 13 unused Assets to reduce memory usage. Loaded Objects now: 2355.
Total: 4.633300 ms (FindLiveObjects: 0.459800 ms CreateObjectMapping: 0.194800 ms MarkObjects: 3.867900 ms  DeleteObjects: 0.109800 ms)

AssetImportParameters requested are different than current active one (requested -> active):
  custom:framework-win-MediaFoundation: 216162199b28c13a410421893ffa2e32 -> 
  custom:video-decoder-ogg-theora: a1e56fd34408186e4bbccfd4996cb3dc -> 
  custom:container-muxer-webm: aa71ff27fc2769a1b78a27578f13a17b -> 
  custom:container-demuxer-webm: 4f35f7cbe854078d1ac9338744f61a02 -> 
  custom:container-demuxer-ogg: 62fdf1f143b41e24485cea50d1cbac27 -> 
  custom:video-encoder-webm-vp8: eb34c28f22e8b96e1ab97ce403110664 -> 
  custom:video-codec-MediaFoundation-h265: 746d11721c4dcdbdad8f713fa42b33f4 -> 
  custom:video-decoder-webm-vp8: 9c59270c3fd7afecdb556c50c9e8de78 -> 
  custom:audio-decoder-ogg-vorbis: bf7c407c2cedff20999df2af8eb42d56 -> 
  custom:audio-encoder-webm-vorbis: bf7c407c2cedff20999df2af8eb42d56 -> 
========================================================================
Received Import Request.
  Time since last request: 157.640108 seconds.
  path: Assets/Spiders/textures
  artifactKey: Guid(6488d05bdd679644683dadb32074d48f) Importer(815301076,1909f56bfc062723c751e8b465ee728b)
Start importing Assets/Spiders/textures using Guid(6488d05bdd679644683dadb32074d48f) Importer(815301076,1909f56bfc062723c751e8b465ee728b)  -> (artifact id: '064e8d52287a764f2ba9ea0a22c0fd57') in 0.029048 seconds 
========================================================================
Received Import Request.
  Time since last request: 0.448274 seconds.
  path: Assets/Spiders/textures/texture_spider1.png
  artifactKey: Guid(f377febc1c1d7d14c8e76d52b3e18fe1) Importer(815301076,1909f56bfc062723c751e8b465ee728b)
Start importing Assets/Spiders/textures/texture_spider1.png using Guid(f377febc1c1d7d14c8e76d52b3e18fe1) Importer(815301076,1909f56bfc062723c751e8b465ee728b)  -> (artifact id: 'd50ce8a8dbd115729da37f12c5366190') in 0.101769 seconds 
========================================================================
Received Import Request.
  Time since last request: 0.000257 seconds.
  path: Assets/Spiders/textures/texture_spider8.png
  artifactKey: Guid(bbabd300c5d0c324082bd50e714261d0) Importer(815301076,1909f56bfc062723c751e8b465ee728b)
Start importing Assets/Spiders/textures/texture_spider8.png using Guid(bbabd300c5d0c324082bd50e714261d0) Importer(815301076,1909f56bfc062723c751e8b465ee728b)  -> (artifact id: 'd7b0e0700f68a0ad5270de4b8a479594') in 0.021525 seconds 
========================================================================
Received Import Request.
  Time since last request: 0.000523 seconds.
  path: Assets/Spiders/textures/texture_spider3_6_normal.png
  artifactKey: Guid(ff11636ae16c21647aad5259847218fd) Importer(815301076,1909f56bfc062723c751e8b465ee728b)
Start importing Assets/Spiders/textures/texture_spider3_6_normal.png using Guid(ff11636ae16c21647aad5259847218fd) Importer(815301076,1909f56bfc062723c751e8b465ee728b)  -> (artifact id: '08838c9e14dab92a8b9fbd77411bf9cb') in 0.041401 seconds 
========================================================================
Received Import Request.
  Time since last request: 0.000379 seconds.
  path: Assets/Spiders/textures/texture_spider2_8_normal.png
  artifactKey: Guid(3a597529e3c5ad247b580ae85c8c1e3e) Importer(815301076,1909f56bfc062723c751e8b465ee728b)
Start importing Assets/Spiders/textures/texture_spider2_8_normal.png using Guid(3a597529e3c5ad247b580ae85c8c1e3e) Importer(815301076,1909f56bfc062723c751e8b465ee728b)  -> (artifact id: '5c2ac88f7db3321b01310f34123bddc8') in 0.026202 seconds 
========================================================================
Received Import Request.
  Time since last request: 0.000394 seconds.
  path: Assets/Spiders/textures/texture_spider4.png
  artifactKey: Guid(b801038b76c637b418c7343772bdb291) Importer(815301076,1909f56bfc062723c751e8b465ee728b)
Start importing Assets/Spiders/textures/texture_spider4.png using Guid(b801038b76c637b418c7343772bdb291) Importer(815301076,1909f56bfc062723c751e8b465ee728b)  -> (artifact id: '47388506fa041b9319aec04a38fd3db3') in 0.025763 seconds 
========================================================================
Received Import Request.
  Time since last request: 0.000588 seconds.
  path: Assets/Spiders/textures/texture_spider4_5_normal.png
  artifactKey: Guid(5375e76e15f5d0c439ba82cae4a04d15) Importer(815301076,1909f56bfc062723c751e8b465ee728b)
Start importing Assets/Spiders/textures/texture_spider4_5_normal.png using Guid(5375e76e15f5d0c439ba82cae4a04d15) Importer(815301076,1909f56bfc062723c751e8b465ee728b)  -> (artifact id: '3a07b0a6cd24de03a1126b7d71983d36') in 0.027794 seconds 
========================================================================
Received Import Request.
  Time since last request: 0.000663 seconds.
  path: Assets/Spiders/textures/texture_spider5.png
  artifactKey: Guid(9c44fe695675b7e4c8c1a36ad427be36) Importer(815301076,1909f56bfc062723c751e8b465ee728b)
Start importing Assets/Spiders/textures/texture_spider5.png using Guid(9c44fe695675b7e4c8c1a36ad427be36) Importer(815301076,1909f56bfc062723c751e8b465ee728b)  -> (artifact id: '241667a0a6661ba2264172ad57a43a57') in 0.027213 seconds 
========================================================================
Received Import Request.
  Time since last request: 0.000672 seconds.
  path: Assets/Spiders/textures/texture_spider6.png
  artifactKey: Guid(629b37766e3e47146b99e8abfe2d29dd) Importer(815301076,1909f56bfc062723c751e8b465ee728b)
Start importing Assets/Spiders/textures/texture_spider6.png using Guid(629b37766e3e47146b99e8abfe2d29dd) Importer(815301076,1909f56bfc062723c751e8b465ee728b)  -> (artifact id: 'f81fc06d1b6b60f26f9a13c688ba6777') in 0.025024 seconds 
========================================================================
Received Import Request.
  Time since last request: 0.000984 seconds.
  path: Assets/Spiders/textures/texture_spider3.png
  artifactKey: Guid(448bc38f19830fc4285f7a8be9739a35) Importer(815301076,1909f56bfc062723c751e8b465ee728b)
Start importing Assets/Spiders/textures/texture_spider3.png using Guid(448bc38f19830fc4285f7a8be9739a35) Importer(815301076,1909f56bfc062723c751e8b465ee728b)  -> (artifact id: '6f46e0991751d2fa1c5acf0ca33a76c4') in 0.036296 seconds 
========================================================================
Received Import Request.
  Time since last request: 0.000524 seconds.
  path: Assets/Spiders/textures/texture_spider1_7_normal.png
  artifactKey: Guid(56cc5cc02f6c7844ab91820b43f3a828) Importer(815301076,1909f56bfc062723c751e8b465ee728b)
Start importing Assets/Spiders/textures/texture_spider1_7_normal.png using Guid(56cc5cc02f6c7844ab91820b43f3a828) Importer(815301076,1909f56bfc062723c751e8b465ee728b)  -> (artifact id: '1e48c49a2c6c00906a0c1bc25f0a572b') in 0.028497 seconds 
========================================================================
Received Import Request.
  Time since last request: 0.000337 seconds.
  path: Assets/Spiders/textures/texture_spider2.png
  artifactKey: Guid(0b0c7419288a16a46b7bece5b717a649) Importer(815301076,1909f56bfc062723c751e8b465ee728b)
Start importing Assets/Spiders/textures/texture_spider2.png using Guid(0b0c7419288a16a46b7bece5b717a649) Importer(815301076,1909f56bfc062723c751e8b465ee728b)  -> (artifact id: 'fd81ac32de6e934a704f5afc0de06897') in 0.023060 seconds 
========================================================================
Received Import Request.
  Time since last request: 0.000505 seconds.
  path: Assets/Spiders/textures/texture_spider7.png
  artifactKey: Guid(412f1d8defbd39546b9b14cc83cf78b7) Importer(815301076,1909f56bfc062723c751e8b465ee728b)
Start importing Assets/Spiders/textures/texture_spider7.png using Guid(412f1d8defbd39546b9b14cc83cf78b7) Importer(815301076,1909f56bfc062723c751e8b465ee728b)  -> (artifact id: 'fa7ea15159069abc74f39a85f720f825') in 0.029460 seconds 
========================================================================
Received Import Request.
  Time since last request: 219.334201 seconds.
  path: Assets/Spiders
  artifactKey: Guid(0e431a8ed27686c408797d0395f1a40b) Importer(815301076,1909f56bfc062723c751e8b465ee728b)
Start importing Assets/Spiders using Guid(0e431a8ed27686c408797d0395f1a40b) Importer(815301076,1909f56bfc062723c751e8b465ee728b)  -> (artifact id: '7a088d27e81736487283daf5bbb8de0b') in 0.020232 seconds 
========================================================================
Received Prepare
Registering precompiled user dll's ...
Registered in 0.006081 seconds.
Begin MonoManager ReloadAssembly
Symbol file LoadedFromMemory doesn't match image C:\Users\bhawn\AR TECH\AR. foundation\Library\PackageCache\com.unity.collab-proxy@1.15.15\Lib\Editor\PlasticSCM\unityplastic.dll
Native extension for WindowsStandalone target not found
Refreshing native plugins compatible for Editor in 0.94 ms, found 2 plugins.
Preloading 0 native plugins for Editor in 0.00 ms.
Mono: successfully reloaded assembly
- Completed reload, in  2.153 seconds
Domain Reload Profiling:
	ReloadAssembly (2154ms)
		BeginReloadAssembly (264ms)
			ExecutionOrderSort (0ms)
			DisableScriptedObjects (10ms)
			BackupInstance (0ms)
			ReleaseScriptingObjects (0ms)
			CreateAndSetChildDomain (60ms)
		EndReloadAssembly (1743ms)
			LoadAssemblies (260ms)
			RebuildTransferFunctionScriptingTraits (0ms)
			SetupTypeCache (586ms)
			ReleaseScriptCaches (2ms)
			RebuildScriptCaches (84ms)
			SetupLoadedEditorAssemblies (667ms)
				LogAssemblyErrors (0ms)
				InitializePlatformSupportModulesInManaged (10ms)
				SetLoadedEditorAssemblies (2ms)
				RefreshPlugins (1ms)
				BeforeProcessingInitializeOnLoad (171ms)
				ProcessInitializeOnLoadAttributes (442ms)
				ProcessInitializeOnLoadMethodAttributes (22ms)
				AfterProcessingInitializeOnLoad (18ms)
				EditorAssembliesLoaded (0ms)
			ExecutionOrderSort2 (0ms)
			AwakeInstancesAfterBackupRestoration (16ms)
Platform modules already initialized, skipping
Refreshing native plugins compatible for Editor in 0.86 ms, found 2 plugins.
Preloading 0 native plugins for Editor in 0.00 ms.
Unloading 1845 Unused Serialized files (Serialized files now loaded: 0)
System memory in use before: 97.7 MB.
System memory in use after: 97.8 MB.

Unloading 13 unused Assets to reduce memory usage. Loaded Objects now: 2362.
Total: 5.339400 ms (FindLiveObjects: 0.228500 ms CreateObjectMapping: 0.202700 ms MarkObjects: 4.852900 ms  DeleteObjects: 0.054000 ms)

AssetImportParameters requested are different than current active one (requested -> active):
  custom:framework-win-MediaFoundation: 216162199b28c13a410421893ffa2e32 -> 
  custom:video-decoder-ogg-theora: a1e56fd34408186e4bbccfd4996cb3dc -> 
  custom:container-muxer-webm: aa71ff27fc2769a1b78a27578f13a17b -> 
  custom:container-demuxer-webm: 4f35f7cbe854078d1ac9338744f61a02 -> 
  custom:container-demuxer-ogg: 62fdf1f143b41e24485cea50d1cbac27 -> 
  custom:video-encoder-webm-vp8: eb34c28f22e8b96e1ab97ce403110664 -> 
  custom:video-codec-MediaFoundation-h265: 746d11721c4dcdbdad8f713fa42b33f4 -> 
  custom:video-decoder-webm-vp8: 9c59270c3fd7afecdb556c50c9e8de78 -> 
  custom:audio-decoder-ogg-vorbis: bf7c407c2cedff20999df2af8eb42d56 -> 
  custom:audio-encoder-webm-vorbis: bf7c407c2cedff20999df2af8eb42d56 -> 
========================================================================
Received Import Request.
  Time since last request: 201.051341 seconds.
  path: Assets/Spiders/Materials
  artifactKey: Guid(39ee86af897e7204488e9846f8d5a8cd) Importer(815301076,1909f56bfc062723c751e8b465ee728b)
Start importing Assets/Spiders/Materials using Guid(39ee86af897e7204488e9846f8d5a8cd) Importer(815301076,1909f56bfc062723c751e8b465ee728b)  -> (artifact id: 'fe4172402e64c9045f046a8c12984b9d') in 0.014520 seconds 
========================================================================
Received Import Request.
  Time since last request: 173.216016 seconds.
  path: Assets/Spiders/animations list.txt
  artifactKey: Guid(bd391f490b4e3b943801559a3bad5400) Importer(815301076,1909f56bfc062723c751e8b465ee728b)
Start importing Assets/Spiders/animations list.txt using Guid(bd391f490b4e3b943801559a3bad5400) Importer(815301076,1909f56bfc062723c751e8b465ee728b)  -> (artifact id: 'b0e277f662cdb9cefb068e384d69a312') in 0.039751 seconds 
========================================================================
Received Prepare
Registering precompiled user dll's ...
Registered in 0.006669 seconds.
Begin MonoManager ReloadAssembly
Symbol file LoadedFromMemory doesn't match image C:\Users\bhawn\AR TECH\AR. foundation\Library\PackageCache\com.unity.collab-proxy@1.15.15\Lib\Editor\PlasticSCM\unityplastic.dll
Native extension for WindowsStandalone target not found
Refreshing native plugins compatible for Editor in 0.50 ms, found 2 plugins.
Preloading 0 native plugins for Editor in 0.00 ms.
Mono: successfully reloaded assembly
- Completed reload, in  1.619 seconds
Domain Reload Profiling:
	ReloadAssembly (1620ms)
		BeginReloadAssembly (188ms)
			ExecutionOrderSort (0ms)
			DisableScriptedObjects (8ms)
			BackupInstance (0ms)
			ReleaseScriptingObjects (0ms)
			CreateAndSetChildDomain (53ms)
		EndReloadAssembly (1318ms)
			LoadAssemblies (174ms)
			RebuildTransferFunctionScriptingTraits (0ms)
			SetupTypeCache (453ms)
			ReleaseScriptCaches (1ms)
			RebuildScriptCaches (60ms)
			SetupLoadedEditorAssemblies (507ms)
				LogAssemblyErrors (0ms)
				InitializePlatformSupportModulesInManaged (6ms)
				SetLoadedEditorAssemblies (1ms)
				RefreshPlugins (1ms)
				BeforeProcessingInitializeOnLoad (133ms)
				ProcessInitializeOnLoadAttributes (342ms)
				ProcessInitializeOnLoadMethodAttributes (14ms)
				AfterProcessingInitializeOnLoad (11ms)
				EditorAssembliesLoaded (0ms)
			ExecutionOrderSort2 (0ms)
			AwakeInstancesAfterBackupRestoration (9ms)
Platform modules already initialized, skipping
Refreshing native plugins compatible for Editor in 0.66 ms, found 2 plugins.
Preloading 0 native plugins for Editor in 0.00 ms.
Unloading 1845 Unused Serialized files (Serialized files now loaded: 0)
System memory in use before: 97.7 MB.
System memory in use after: 97.8 MB.

Unloading 13 unused Assets to reduce memory usage. Loaded Objects now: 2366.
Total: 3.774400 ms (FindLiveObjects: 0.189400 ms CreateObjectMapping: 0.156500 ms MarkObjects: 3.356700 ms  DeleteObjects: 0.071000 ms)

AssetImportParameters requested are different than current active one (requested -> active):
  custom:framework-win-MediaFoundation: 216162199b28c13a410421893ffa2e32 -> 
  custom:video-decoder-ogg-theora: a1e56fd34408186e4bbccfd4996cb3dc -> 
  custom:container-muxer-webm: aa71ff27fc2769a1b78a27578f13a17b -> 
  custom:container-demuxer-webm: 4f35f7cbe854078d1ac9338744f61a02 -> 
  custom:container-demuxer-ogg: 62fdf1f143b41e24485cea50d1cbac27 -> 
  custom:video-encoder-webm-vp8: eb34c28f22e8b96e1ab97ce403110664 -> 
  custom:video-codec-MediaFoundation-h265: 746d11721c4dcdbdad8f713fa42b33f4 -> 
  custom:video-decoder-webm-vp8: 9c59270c3fd7afecdb556c50c9e8de78 -> 
  custom:audio-decoder-ogg-vorbis: bf7c407c2cedff20999df2af8eb42d56 -> 
  custom:audio-encoder-webm-vorbis: bf7c407c2cedff20999df2af8eb42d56 -> 
========================================================================
Received Prepare
Registering precompiled user dll's ...
Registered in 0.004298 seconds.
Begin MonoManager ReloadAssembly
Symbol file LoadedFromMemory doesn't match image C:\Users\bhawn\AR TECH\AR. foundation\Library\PackageCache\com.unity.collab-proxy@1.15.15\Lib\Editor\PlasticSCM\unityplastic.dll
Native extension for WindowsStandalone target not found
Refreshing native plugins compatible for Editor in 0.39 ms, found 2 plugins.
Preloading 0 native plugins for Editor in 0.00 ms.
Mono: successfully reloaded assembly
- Completed reload, in  1.294 seconds
Domain Reload Profiling:
	ReloadAssembly (1295ms)
		BeginReloadAssembly (210ms)
			ExecutionOrderSort (0ms)
			DisableScriptedObjects (7ms)
			BackupInstance (0ms)
			ReleaseScriptingObjects (0ms)
			CreateAndSetChildDomain (58ms)
		EndReloadAssembly (988ms)
			LoadAssemblies (179ms)
			RebuildTransferFunctionScriptingTraits (0ms)
			SetupTypeCache (345ms)
			ReleaseScriptCaches (1ms)
			RebuildScriptCaches (54ms)
			SetupLoadedEditorAssemblies (342ms)
				LogAssemblyErrors (0ms)
				InitializePlatformSupportModulesInManaged (5ms)
				SetLoadedEditorAssemblies (1ms)
				RefreshPlugins (0ms)
				BeforeProcessingInitializeOnLoad (100ms)
				ProcessInitializeOnLoadAttributes (216ms)
				ProcessInitializeOnLoadMethodAttributes (11ms)
				AfterProcessingInitializeOnLoad (9ms)
				EditorAssembliesLoaded (0ms)
			ExecutionOrderSort2 (0ms)
			AwakeInstancesAfterBackupRestoration (7ms)
Platform modules already initialized, skipping
Refreshing native plugins compatible for Editor in 0.46 ms, found 2 plugins.
Preloading 0 native plugins for Editor in 0.00 ms.
Unloading 1845 Unused Serialized files (Serialized files now loaded: 0)
System memory in use before: 97.7 MB.
System memory in use after: 97.8 MB.

Unloading 13 unused Assets to reduce memory usage. Loaded Objects now: 2370.
Total: 3.758200 ms (FindLiveObjects: 0.381100 ms CreateObjectMapping: 0.188600 ms MarkObjects: 3.088800 ms  DeleteObjects: 0.099100 ms)

AssetImportParameters requested are different than current active one (requested -> active):
  custom:framework-win-MediaFoundation: 216162199b28c13a410421893ffa2e32 -> 
  custom:video-decoder-ogg-theora: a1e56fd34408186e4bbccfd4996cb3dc -> 
  custom:container-muxer-webm: aa71ff27fc2769a1b78a27578f13a17b -> 
  custom:container-demuxer-webm: 4f35f7cbe854078d1ac9338744f61a02 -> 
  custom:container-demuxer-ogg: 62fdf1f143b41e24485cea50d1cbac27 -> 
  custom:video-encoder-webm-vp8: eb34c28f22e8b96e1ab97ce403110664 -> 
  custom:video-codec-MediaFoundation-h265: 746d11721c4dcdbdad8f713fa42b33f4 -> 
  custom:video-decoder-webm-vp8: 9c59270c3fd7afecdb556c50c9e8de78 -> 
  custom:audio-decoder-ogg-vorbis: bf7c407c2cedff20999df2af8eb42d56 -> 
  custom:audio-encoder-webm-vorbis: bf7c407c2cedff20999df2af8eb42d56 -> 
AssetImportWorkerClient::OnTransportError - code=2 error=End of file
